<?xml version="1.0" encoding="UTF-8"?>
<testng-results ignored="0" total="1" passed="1" failed="0" skipped="0">
  <reporter-output>
  </reporter-output>
  <suite started-at="2022-11-03T12:06:17 IST" name="Default suite" finished-at="2022-11-03T12:06:17 IST" duration-ms="49">
    <groups>
    </groups>
    <test started-at="2022-11-03T12:06:17 IST" name="Default test" finished-at="2022-11-03T12:06:17 IST" duration-ms="49">
      <class name="com.oops.inheritance.B2">
        <test-method signature="testFLow()[pri:0, instance:com.oops.inheritance.B2@4ef37659]" started-at="2022-11-03T12:06:17 IST" name="testFLow" finished-at="2022-11-03T12:06:17 IST" duration-ms="10" status="PASS">
          <reporter-output>
          </reporter-output>
        </test-method> <!-- testFLow -->
      </class> <!-- com.oops.inheritance.B2 -->
    </test> <!-- Default test -->
  </suite> <!-- Default suite -->
</testng-results>
